<?xml version="1.0" encoding="UTF-8"?>
<testsuite name="io.devchw.example.support.restdocs.enums.EnumSnippetGenerator" tests="1" skipped="0" failures="0" errors="0" timestamp="2025-01-28T18:00:01" hostname="hyunwooui-MacBookAir.local" time="0.022">
  <properties/>
  <testcase name="Enum 스니펫 생성" classname="io.devchw.example.support.restdocs.enums.EnumSnippetGenerator" time="0.022"/>
  <system-out><![CDATA[2025-01-28T18:00:01.519Z  INFO 33533 --- [spring-restdocs-advenced] [    Test worker] o.s.mock.web.MockServletContext          : Initializing Spring TestDispatcherServlet ''
2025-01-28T18:00:01.519Z  INFO 33533 --- [spring-restdocs-advenced] [    Test worker] o.s.t.web.servlet.TestDispatcherServlet  : Initializing Servlet ''
2025-01-28T18:00:01.519Z  INFO 33533 --- [spring-restdocs-advenced] [    Test worker] o.s.t.web.servlet.TestDispatcherServlet  : Completed initialization in 0 ms
Enum name: TYPE1, Description: 샘플 타입1
Enum name: TYPE2, Description: 샘플 타입2
Request method:	GET
Request URI:	http://localhost:8080/api/v1/enums
Proxy:			<none>
Request params:	<none>
Query params:	<none>
Form params:	<none>
Path params:	<none>
Headers:		Content-Type=application/json
Cookies:		<none>
Multiparts:		<none>
Body:			<none>
Enum name: TYPE1, Description: 샘플 타입1
Enum name: TYPE2, Description: 샘플 타입2
200
Content-Type: application/json

{
    "ExampleType": {
        "TYPE1": "샘플 타입1",
        "TYPE2": "샘플 타입2"
    }
}
key하하 = ExampleType
]]></system-out>
  <system-err><![CDATA[]]></system-err>
</testsuite>
