<?xml version="1.0" encoding="UTF-8"?>
<testsuite name="io.devchw.example.SpringRestdocsAdvencedApplicationTests" tests="1" skipped="0" failures="0" errors="0" timestamp="2025-01-28T18:00:00" hostname="hyunwooui-MacBookAir.local" time="0.375">
  <properties/>
  <testcase name="contextLoads()" classname="io.devchw.example.SpringRestdocsAdvencedApplicationTests" time="0.375"/>
  <system-out><![CDATA[17:59:59.865 [Test worker] INFO org.springframework.test.context.support.AnnotationConfigContextLoaderUtils -- Could not detect default configuration classes for test class [io.devchw.example.SpringRestdocsAdvencedApplicationTests]: SpringRestdocsAdvencedApplicationTests does not declare any static, non-private, non-final, nested classes annotated with @Configuration.
17:59:59.985 [Test worker] INFO org.springframework.boot.test.context.SpringBootTestContextBootstrapper -- Found @SpringBootConfiguration io.devchw.example.SpringRestdocsAdvencedApplication for test class io.devchw.example.SpringRestdocsAdvencedApplicationTests

  .   ____          _            __ _ _
 /\\ / ___'_ __ _ _(_)_ __  __ _ \ \ \ \
( ( )\___ | '_ | '_| | '_ \/ _` | \ \ \ \
 \\/  ___)| |_)| | | | | || (_| |  ) ) ) )
  '  |____| .__|_| |_|_| |_\__, | / / / /
 =========|_|==============|___/=/_/_/_/

 :: Spring Boot ::                (v3.4.1)

2025-01-28T18:00:00.115Z  INFO 33533 --- [spring-restdocs-advenced] [    Test worker] e.SpringRestdocsAdvencedApplicationTests : Starting SpringRestdocsAdvencedApplicationTests using Java 21.0.5 with PID 33533 (started by hyunwoo in /Users/hyunwoo/study/study-code/spring-restdocs-advenced)
2025-01-28T18:00:00.115Z  INFO 33533 --- [spring-restdocs-advenced] [    Test worker] e.SpringRestdocsAdvencedApplicationTests : No active profile set, falling back to 1 default profile: "default"
2025-01-28T18:00:00.547Z  INFO 33533 --- [spring-restdocs-advenced] [    Test worker] e.SpringRestdocsAdvencedApplicationTests : Started SpringRestdocsAdvencedApplicationTests in 0.514 seconds (process running for 1.005)
]]></system-out>
  <system-err><![CDATA[Mockito is currently self-attaching to enable the inline-mock-maker. This will no longer work in future releases of the JDK. Please add Mockito as an agent to your build what is described in Mockito's documentation: https://javadoc.io/doc/org.mockito/mockito-core/latest/org/mockito/Mockito.html#0.3
WARNING: A Java agent has been loaded dynamically (/Users/hyunwoo/.gradle/caches/modules-2/files-2.1/net.bytebuddy/byte-buddy-agent/1.15.11/a38b16385e867f59a641330f0362ebe742788ed8/byte-buddy-agent-1.15.11.jar)
WARNING: If a serviceability tool is in use, please run with -XX:+EnableDynamicAgentLoading to hide this warning
WARNING: If a serviceability tool is not in use, please run with -Djdk.instrument.traceUsage for more information
WARNING: Dynamic loading of agents will be disallowed by default in a future release
]]></system-err>
</testsuite>
